<?xml version="1.0" encoding="UTF-8" ?>
<testsuite failures="0" time="3.857" errors="0" skipped="0" tests="6" name="com.weatherapp.tests.WeatherControllerTest">
  <properties>
    <property name="java.runtime.name" value="Java(TM) SE Runtime Environment"/>
    <property name="sun.boot.library.path" value="/Library/Java/JavaVirtualMachines/jdk1.7.0_17.jdk/Contents/Home/jre/lib"/>
    <property name="java.vm.version" value="23.7-b01"/>
    <property name="gopherProxySet" value="false"/>
    <property name="java.vm.vendor" value="Oracle Corporation"/>
    <property name="java.vendor.url" value="http://java.oracle.com/"/>
    <property name="path.separator" value=":"/>
    <property name="java.vm.name" value="Java HotSpot(TM) 64-Bit Server VM"/>
    <property name="file.encoding.pkg" value="sun.io"/>
    <property name="user.country" value="US"/>
    <property name="sun.java.launcher" value="SUN_STANDARD"/>
    <property name="sun.os.patch.level" value="unknown"/>
    <property name="java.vm.specification.name" value="Java Virtual Machine Specification"/>
    <property name="user.dir" value="/Users/sandeepmalik/IdeaProjects/weather_app"/>
    <property name="java.runtime.version" value="1.7.0_17-b02"/>
    <property name="java.awt.graphicsenv" value="sun.awt.CGraphicsEnvironment"/>
    <property name="basedir" value="/Users/sandeepmalik/IdeaProjects/weather_app"/>
    <property name="java.endorsed.dirs" value="/Library/Java/JavaVirtualMachines/jdk1.7.0_17.jdk/Contents/Home/jre/lib/endorsed"/>
    <property name="os.arch" value="x86_64"/>
    <property name="surefire.real.class.path" value="/Users/sandeepmalik/IdeaProjects/weather_app/target/surefire/surefirebooter957998795542715860.jar"/>
    <property name="java.io.tmpdir" value="/var/folders/00/1ggl8000h01000cxqpysvccm005xyd/T/"/>
    <property name="line.separator" value="
"/>
    <property name="java.vm.specification.vendor" value="Oracle Corporation"/>
    <property name="os.name" value="Mac OS X"/>
    <property name="sun.jnu.encoding" value="US-ASCII"/>
    <property name="java.library.path" value="/Users/sandeepmalik/Library/Java/Extensions:/Library/Java/Extensions:/Network/Library/Java/Extensions:/System/Library/Java/Extensions:/usr/lib/java:."/>
    <property name="surefire.test.class.path" value="/Users/sandeepmalik/IdeaProjects/weather_app/target/test-classes:/Users/sandeepmalik/IdeaProjects/weather_app/target/classes:/Users/sandeepmalik/.m2/repository/org/springframework/spring-core/3.2.2.RELEASE/spring-core-3.2.2.RELEASE.jar:/Users/sandeepmalik/.m2/repository/commons-logging/commons-logging/1.1.1/commons-logging-1.1.1.jar:/Users/sandeepmalik/.m2/repository/org/springframework/spring-expression/3.2.2.RELEASE/spring-expression-3.2.2.RELEASE.jar:/Users/sandeepmalik/.m2/repository/org/springframework/spring-beans/3.2.2.RELEASE/spring-beans-3.2.2.RELEASE.jar:/Users/sandeepmalik/.m2/repository/org/springframework/spring-aop/3.2.2.RELEASE/spring-aop-3.2.2.RELEASE.jar:/Users/sandeepmalik/.m2/repository/aopalliance/aopalliance/1.0/aopalliance-1.0.jar:/Users/sandeepmalik/.m2/repository/org/springframework/spring-context/3.2.2.RELEASE/spring-context-3.2.2.RELEASE.jar:/Users/sandeepmalik/.m2/repository/org/springframework/spring-context-support/3.2.2.RELEASE/spring-context-support-3.2.2.RELEASE.jar:/Users/sandeepmalik/.m2/repository/org/springframework/spring-tx/3.2.2.RELEASE/spring-tx-3.2.2.RELEASE.jar:/Users/sandeepmalik/.m2/repository/org/springframework/spring-jdbc/3.2.2.RELEASE/spring-jdbc-3.2.2.RELEASE.jar:/Users/sandeepmalik/.m2/repository/org/springframework/spring-orm/3.2.2.RELEASE/spring-orm-3.2.2.RELEASE.jar:/Users/sandeepmalik/.m2/repository/org/springframework/spring-oxm/3.2.2.RELEASE/spring-oxm-3.2.2.RELEASE.jar:/Users/sandeepmalik/.m2/repository/commons-lang/commons-lang/2.5/commons-lang-2.5.jar:/Users/sandeepmalik/.m2/repository/org/springframework/spring-web/3.2.2.RELEASE/spring-web-3.2.2.RELEASE.jar:/Users/sandeepmalik/.m2/repository/org/springframework/spring-webmvc/3.2.2.RELEASE/spring-webmvc-3.2.2.RELEASE.jar:/Users/sandeepmalik/.m2/repository/org/springframework/spring-webmvc-portlet/3.2.2.RELEASE/spring-webmvc-portlet-3.2.2.RELEASE.jar:/Users/sandeepmalik/.m2/repository/org/springframework/spring-test/3.2.2.RELEASE/spring-test-3.2.2.RELEASE.jar:/Users/sandeepmalik/.m2/repository/javax/servlet/servlet-api/2.5/servlet-api-2.5.jar:/Users/sandeepmalik/.m2/repository/com/google/code/gson/gson/2.2.2/gson-2.2.2.jar:/Users/sandeepmalik/.m2/repository/org/apache/httpcomponents/httpclient/4.1/httpclient-4.1.jar:/Users/sandeepmalik/.m2/repository/org/apache/httpcomponents/httpcore/4.1/httpcore-4.1.jar:/Users/sandeepmalik/.m2/repository/commons-codec/commons-codec/1.4/commons-codec-1.4.jar:/Users/sandeepmalik/.m2/repository/junit/junit/4.11/junit-4.11.jar:/Users/sandeepmalik/.m2/repository/org/hamcrest/hamcrest-core/1.3/hamcrest-core-1.3.jar:"/>
    <property name="java.specification.name" value="Java Platform API Specification"/>
    <property name="java.class.version" value="51.0"/>
    <property name="sun.management.compiler" value="HotSpot 64-Bit Tiered Compilers"/>
    <property name="os.version" value="10.8.2"/>
    <property name="http.nonProxyHosts" value="local|*.local|169.254/16|*.169.254/16"/>
    <property name="user.home" value="/Users/sandeepmalik"/>
    <property name="user.timezone" value="US/Pacific"/>
    <property name="java.awt.printerjob" value="sun.lwawt.macosx.CPrinterJob"/>
    <property name="java.specification.version" value="1.7"/>
    <property name="file.encoding" value="US-ASCII"/>
    <property name="user.name" value="sandeepmalik"/>
    <property name="java.class.path" value="/Users/sandeepmalik/IdeaProjects/weather_app/target/test-classes:/Users/sandeepmalik/IdeaProjects/weather_app/target/classes:/Users/sandeepmalik/.m2/repository/org/springframework/spring-core/3.2.2.RELEASE/spring-core-3.2.2.RELEASE.jar:/Users/sandeepmalik/.m2/repository/commons-logging/commons-logging/1.1.1/commons-logging-1.1.1.jar:/Users/sandeepmalik/.m2/repository/org/springframework/spring-expression/3.2.2.RELEASE/spring-expression-3.2.2.RELEASE.jar:/Users/sandeepmalik/.m2/repository/org/springframework/spring-beans/3.2.2.RELEASE/spring-beans-3.2.2.RELEASE.jar:/Users/sandeepmalik/.m2/repository/org/springframework/spring-aop/3.2.2.RELEASE/spring-aop-3.2.2.RELEASE.jar:/Users/sandeepmalik/.m2/repository/aopalliance/aopalliance/1.0/aopalliance-1.0.jar:/Users/sandeepmalik/.m2/repository/org/springframework/spring-context/3.2.2.RELEASE/spring-context-3.2.2.RELEASE.jar:/Users/sandeepmalik/.m2/repository/org/springframework/spring-context-support/3.2.2.RELEASE/spring-context-support-3.2.2.RELEASE.jar:/Users/sandeepmalik/.m2/repository/org/springframework/spring-tx/3.2.2.RELEASE/spring-tx-3.2.2.RELEASE.jar:/Users/sandeepmalik/.m2/repository/org/springframework/spring-jdbc/3.2.2.RELEASE/spring-jdbc-3.2.2.RELEASE.jar:/Users/sandeepmalik/.m2/repository/org/springframework/spring-orm/3.2.2.RELEASE/spring-orm-3.2.2.RELEASE.jar:/Users/sandeepmalik/.m2/repository/org/springframework/spring-oxm/3.2.2.RELEASE/spring-oxm-3.2.2.RELEASE.jar:/Users/sandeepmalik/.m2/repository/commons-lang/commons-lang/2.5/commons-lang-2.5.jar:/Users/sandeepmalik/.m2/repository/org/springframework/spring-web/3.2.2.RELEASE/spring-web-3.2.2.RELEASE.jar:/Users/sandeepmalik/.m2/repository/org/springframework/spring-webmvc/3.2.2.RELEASE/spring-webmvc-3.2.2.RELEASE.jar:/Users/sandeepmalik/.m2/repository/org/springframework/spring-webmvc-portlet/3.2.2.RELEASE/spring-webmvc-portlet-3.2.2.RELEASE.jar:/Users/sandeepmalik/.m2/repository/org/springframework/spring-test/3.2.2.RELEASE/spring-test-3.2.2.RELEASE.jar:/Users/sandeepmalik/.m2/repository/javax/servlet/servlet-api/2.5/servlet-api-2.5.jar:/Users/sandeepmalik/.m2/repository/com/google/code/gson/gson/2.2.2/gson-2.2.2.jar:/Users/sandeepmalik/.m2/repository/org/apache/httpcomponents/httpclient/4.1/httpclient-4.1.jar:/Users/sandeepmalik/.m2/repository/org/apache/httpcomponents/httpcore/4.1/httpcore-4.1.jar:/Users/sandeepmalik/.m2/repository/commons-codec/commons-codec/1.4/commons-codec-1.4.jar:/Users/sandeepmalik/.m2/repository/junit/junit/4.11/junit-4.11.jar:/Users/sandeepmalik/.m2/repository/org/hamcrest/hamcrest-core/1.3/hamcrest-core-1.3.jar:"/>
    <property name="java.vm.specification.version" value="1.7"/>
    <property name="sun.arch.data.model" value="64"/>
    <property name="java.home" value="/Library/Java/JavaVirtualMachines/jdk1.7.0_17.jdk/Contents/Home/jre"/>
    <property name="sun.java.command" value="/Users/sandeepmalik/IdeaProjects/weather_app/target/surefire/surefirebooter957998795542715860.jar /Users/sandeepmalik/IdeaProjects/weather_app/target/surefire/surefire2429284331229473181tmp /Users/sandeepmalik/IdeaProjects/weather_app/target/surefire/surefire9156332526045399684tmp"/>
    <property name="java.specification.vendor" value="Oracle Corporation"/>
    <property name="user.language" value="en"/>
    <property name="awt.toolkit" value="sun.lwawt.macosx.LWCToolkit"/>
    <property name="java.vm.info" value="mixed mode"/>
    <property name="java.version" value="1.7.0_17"/>
    <property name="java.ext.dirs" value="/Users/sandeepmalik/Library/Java/Extensions:/Library/Java/JavaVirtualMachines/jdk1.7.0_17.jdk/Contents/Home/jre/lib/ext:/Library/Java/Extensions:/Network/Library/Java/Extensions:/System/Library/Java/Extensions:/usr/lib/java"/>
    <property name="sun.boot.class.path" value="/Library/Java/JavaVirtualMachines/jdk1.7.0_17.jdk/Contents/Home/jre/lib/resources.jar:/Library/Java/JavaVirtualMachines/jdk1.7.0_17.jdk/Contents/Home/jre/lib/rt.jar:/Library/Java/JavaVirtualMachines/jdk1.7.0_17.jdk/Contents/Home/jre/lib/sunrsasign.jar:/Library/Java/JavaVirtualMachines/jdk1.7.0_17.jdk/Contents/Home/jre/lib/jsse.jar:/Library/Java/JavaVirtualMachines/jdk1.7.0_17.jdk/Contents/Home/jre/lib/jce.jar:/Library/Java/JavaVirtualMachines/jdk1.7.0_17.jdk/Contents/Home/jre/lib/charsets.jar:/Library/Java/JavaVirtualMachines/jdk1.7.0_17.jdk/Contents/Home/jre/lib/jfr.jar:/Library/Java/JavaVirtualMachines/jdk1.7.0_17.jdk/Contents/Home/jre/lib/JObjC.jar:/Library/Java/JavaVirtualMachines/jdk1.7.0_17.jdk/Contents/Home/jre/classes"/>
    <property name="java.vendor" value="Oracle Corporation"/>
    <property name="localRepository" value="/Users/sandeepmalik/.m2/repository"/>
    <property name="file.separator" value="/"/>
    <property name="java.vendor.url.bug" value="http://bugreport.sun.com/bugreport/"/>
    <property name="sun.cpu.endian" value="little"/>
    <property name="sun.io.unicode.encoding" value="UnicodeBig"/>
    <property name="socksNonProxyHosts" value="local|*.local|169.254/16|*.169.254/16"/>
    <property name="ftp.nonProxyHosts" value="local|*.local|169.254/16|*.169.254/16"/>
    <property name="sun.cpu.isalist" value=""/>
  </properties>
  <testcase time="0.929" classname="com.weatherapp.tests.WeatherControllerTest" name="testIncompleteZip"/>
  <testcase time="2.562" classname="com.weatherapp.tests.WeatherControllerTest" name="testValidZip"/>
  <testcase time="0.061" classname="com.weatherapp.tests.WeatherControllerTest" name="testNegativeZip"/>
  <testcase time="0.023" classname="com.weatherapp.tests.WeatherControllerTest" name="testBlankZip"/>
  <testcase time="0.023" classname="com.weatherapp.tests.WeatherControllerTest" name="testInvalidFormatZip"/>
  <testcase time="0.13" classname="com.weatherapp.tests.WeatherControllerTest" name="testZipNotFound"/>
</testsuite>